
> mnk-medical-imaging@0.1.0 dev
> next dev --turbopack

 ⚠ Port 3000 is in use by an unknown process, using available port 3001 instead.
   ▲ Next.js 15.5.3 (Turbopack)
   - Local:        http://localhost:3001
   - Network:      http://169.254.0.   Reload env: .env
ments: .env.local, .env

 ✓ Starting...
 ✓ Ready in 1844ms
 ○ Compiling /dose-ordering ...
 ✓ Compiled /dose-ordering in 10.3s
 GET /dose-ordering 200 in 11330ms
 ○ Compiling / ...
 ✓ Compiled / in 1134ms
 GET / 200 in 1450ms
 ⚠ Cross origin request detected from legal-rockets-dress.lindy.site to /_next/* resource. In a future major version of Next.js, you will need to explicitly configure "allowedDevOrigins" in next.config to allow this.
Read more: https://nextjs.org/docs/app/api-reference/config/next-config-js/allowedDevOrigins
 GET /dose-ordering 200 in 146ms
 ○ Compiling /regulatory ...
 ✓ Compiled /regulatory in 1330ms
 GET /regulatory 200 in 1443ms
 GET /regulatory 200 in 1445ms
 ○ Compiling /favicon.ico ...
 ✓ Compiled /favicon.ico in 2s
 GET /favicon.ico?favicon.bf3c9292.ico 200 in 2490ms
 GET / 200 in 306ms
 GET /dose-ordering 200 in 444ms
 GET /dose-ordering 200 in 895ms
 GET /regulatory 200 in 214ms
 GET /dose-ordering 200 in 297ms
 GET / 200 in 4469ms
 GET /dose-ordering 200 in 1769ms
 GET /dose-ordering 200 in 2766ms
 GET / 200 in 3395ms
 GET / 200 in 3572ms
 GET /dose-ordering 200 in 2250ms
 GET /dose-ordering 200 in 4329ms
 GET /dose-ordering 200 in 3786ms
 GET /dose-ordering 200 in 2942ms
 GET /dose-ordering 200 in 2006ms
 GET / 200 in 4367ms
 GET / 200 in 4022ms
 GET / 200 in 6232ms
 ✓ Compiled in 7.1s
 GET /dose-ordering 200 in 6812ms
 GET /dose-ordering 200 in 13209ms
 GET /dose-ordering 200 in 3447ms
 GET /dose-ordering 200 in 3712ms
 GET / 200 in 4227ms
 GET /dose-ordering 200 in 2249ms
 GET /regulatory 200 in 2438ms
 GET /regulatory 200 in 6395ms
 GET /dose-ordering 200 in 3166ms
 ✓ Compiled in 7.3s
 GET /dose-ordering 200 in 19238ms
 GET / 200 in 5018ms
 ✓ Compiled in 7.7s
 GET / 200 in 16980ms
 GET /dose-ordering 200 in 2709ms
 GET / 200 in 2746ms
 ✓ Compiled in 7.4s
 GET /dose-ordering 200 in 6372ms
 GET /dose-ordering 200 in 19210ms
 ○ Compiling /_not-found/page ...
 ✓ Compiled /_not-found/page in 13.7s
 GET /apple-touch-icon-precomposed.png 404 in 19391ms
 GET /apple-touch-icon.png 404 in 4089ms
 GET /dose-ordering 200 in 5675ms
 GET /dose-ordering 200 in 6087ms
 GET /dose-ordering 200 in 29008ms
 GET /dose-ordering 200 in 6363ms
   Reload env: .env
